mode: set
gopastebin/middleware/auth.go:13.53,14.71 1 1
gopastebin/middleware/auth.go:14.71,19.48 3 1
gopastebin/middleware/auth.go:19.48,23.4 2 1
gopastebin/middleware/auth.go:25.3,25.19 1 1
gopastebin/middleware/auth.go:25.19,29.4 2 1
gopastebin/middleware/auth.go:31.3,33.58 2 1
gopastebin/middleware/auth.go:33.58,37.4 2 1
gopastebin/middleware/auth.go:39.3,39.120 1 1
gopastebin/middleware/auth.go:39.120,41.4 1 1
gopastebin/middleware/auth.go:43.3,43.17 1 1
gopastebin/middleware/auth.go:43.17,47.4 2 1
gopastebin/middleware/auth.go:49.3,53.40 3 1
gopastebin/middleware/json.go:5.64,6.74 1 1
gopastebin/middleware/json.go:6.74,9.6 2 1
gopastebin/handler/paste.go:14.55,19.2 4 1
gopastebin/handler/paste.go:21.51,22.54 1 1
gopastebin/handler/paste.go:22.54,28.27 4 1
gopastebin/handler/paste.go:28.27,31.4 2 1
gopastebin/handler/paste.go:33.3,33.17 1 1
gopastebin/handler/paste.go:33.17,38.4 3 1
gopastebin/handler/paste.go:40.3,42.36 2 1
gopastebin/handler/paste.go:46.54,47.54 1 1
gopastebin/handler/paste.go:47.54,52.17 4 1
gopastebin/handler/paste.go:52.17,57.4 3 1
gopastebin/handler/paste.go:59.3,61.17 2 1
gopastebin/handler/paste.go:61.17,66.4 3 1
gopastebin/handler/paste.go:68.3,70.57 2 1
gopastebin/handler/paste.go:74.54,75.54 1 1
gopastebin/handler/paste.go:75.54,80.17 4 1
gopastebin/handler/paste.go:80.17,85.4 3 1
gopastebin/handler/paste.go:87.3,89.17 2 1
gopastebin/handler/paste.go:89.17,94.4 3 1
gopastebin/handler/paste.go:96.3,98.41 2 1
gopastebin/handler/paste.go:102.56,103.54 1 1
gopastebin/handler/paste.go:103.54,108.17 3 1
gopastebin/handler/paste.go:108.17,113.4 3 1
gopastebin/handler/paste.go:115.3,117.36 2 1
gopastebin/handler/user.go:15.54,18.2 2 1
gopastebin/handler/user.go:21.41,22.54 1 1
gopastebin/handler/user.go:22.54,27.17 4 1
gopastebin/handler/user.go:27.17,32.4 3 1
gopastebin/handler/user.go:34.3,36.22 2 1
gopastebin/handler/user.go:36.22,39.4 2 1
gopastebin/handler/user.go:41.3,41.17 1 1
gopastebin/handler/user.go:41.17,46.4 3 1
gopastebin/handler/user.go:48.3,48.60 1 1
gopastebin/handler/user.go:48.60,52.4 2 1
gopastebin/handler/user.go:54.3,56.17 2 1
gopastebin/handler/user.go:56.17,61.4 3 0
gopastebin/handler/user.go:63.3,65.36 2 1
gopastebin/handler/user.go:69.42,70.54 1 1
gopastebin/handler/user.go:70.54,75.17 4 1
gopastebin/handler/user.go:75.17,80.4 3 1
gopastebin/handler/user.go:82.3,82.46 1 1
gopastebin/handler/user.go:82.46,85.4 2 1
gopastebin/handler/user.go:87.3,87.29 1 1
gopastebin/handler/user.go:87.29,90.4 2 1
gopastebin/handler/user.go:92.3,92.102 1 1
gopastebin/handler/user.go:92.102,95.4 2 1
gopastebin/handler/user.go:97.3,99.22 2 1
gopastebin/handler/user.go:99.22,102.4 2 1
gopastebin/handler/user.go:104.3,104.17 1 1
gopastebin/handler/user.go:104.17,109.4 3 0
gopastebin/handler/user.go:112.3,114.74 2 1
